[    0.00000] Linux version 4.15.0-91-generic (buildd@lgw01-amd64-013) (gcc version 7.4.0 (Ubuntu 7.4.0-1ubuntu1~18.04.1))#92-Ubuntu SMP Fri Feb 28 11:09:48 UTC 2020 (Ubuntu4.15.0-91.92-generic 4.15.18)
[    0.000000] Command line: BOOT_IMAGE=/boot/vmlinuz-4.15.0-91-generic root=UUID=fc432cd9-3eff-4f0f-956a-9c088d0e57 ro console=tty1 console=ttyS0
[    0.0000] KERNEL supported cpus:
[    0.000000]   Intel GenuineIntel
[    0.000000]   AMD AuthenticAMD
[    0.000000]   Centaur CentaurHauls
   0.0000] x86pu Supporting XSAVE feature 0x0001: 87floati point registers'
[    0.000000] x86/fpu: Supporting XSAVE feature 0x002: 'SSE registers'
[    0.000000] x86/fpu: Supporting XSAVE feature 004: 'AVX registers'
[    0.000000] x86/fp: xstate_offset[2]:  576, xstate_sizes[2]:  256
[    0000000] x86/fpu: Enabled xstate features 0x7, context size is 832 bytes, using 'standard' format.
[    0.000000] e820: BIOS-provided physical RAM map:
[    00.000000] BIOS-e820: [mem 0x0000000000000000-0x000000000009fbff] usable
[    0.000000] BIOS-e820: [mem 0x000000000009fc00-0x000000000009ffff] reserved
[    0.000000] BIOS-e820: [mem 0x00000000000f0000-0x00000000000fffff] reserved
[    0.000000] BIOS-e820: [mem 0x0000000000100000-0x000000003ffeffff] usable
[    0.000000] BIOS-e820: [mem 0x000000003fff0000-0x000000003fffffff] ACPI data
[    0.000000] BIOS-e820: [mem 0x00000000fec00000-0x00000000fec00fff] reserved
[    0.000000] BIOS-e820: [mem 0x00000000fee00000-0x00000000fee00fff] reserved
[   0.00000] OS-e820: [me 0000000ffc000x000000ffffffff] reserve
[    0.000000] NX (Execute Disable) protection: active
[    0.000000] SMBIOS 2.5 present.
[    0.000000] DMI: innotek GmbH VirtualBox/VirtualBox, BIOS VirtualBox 12/01/2006
[    0.000000] Hypervisor detected: KVM
[    0.000000] e820: last_pfn = 0x3fff0 max_arch_pfn = x400000000
[    0.000000]TRR: Disabled
[    0.0000] x86/PAT: MTRRs disabled, skipping PAT initialization too.
[    0.000000] CPU MTRRs all blank - virtualiz system.
[    0.000000] x86/PAT: Configuration [0-77]:WB  WT  UC- UC  WB  WT  UC- UC  
[    0.000000] found SMP MP-table at [mem 0x0009fff0-0x0009ffff]
[    0.000000] Scanning 1 areas for low memory corruption
[    0.000000] RAMDISK: [mem 0x35965000-0x36ca9fff]
[    0.000000] ACPI: Early table checksum verification disabled
[    0.000000] ACPI: RSDP 0x00000000000E0000 000024 (v02 VBOX  )
[    0.000000] ACPI: XSDT 0x000000003FFF0030 00003C (v01 VBOX   VBOXXSDT 00000001 ASL  00000061)
[    0.000000] ACPI: FACP 0x0000003FFF00F0 0000F4 (v04 VBOX   VBOXFACP 000000 ASL  00000061)
[    0.000000] ACPI: DSDT 0x000000003FFF0470 0021FF (v02 VBOX   VBOXBIOS 00000002 INTL 201052)
[   0.00000] ACPI: FACS 0x000000003FFF0200 0040
[    0.000000] ACPI: FACS 0x000000003FFF0200 000040
[  0.0000] ACPI: APIC 0x00000003FFF0240 00005C (v02 VBOX   VBOXAPIC 00000001ASL  00000061)
[    0.000000] ACPI: SSDT 0x000000003FFF02A0 0001CC (v01 VBOX  VOXCT 00002 NTL 20100528)
[    000000]o NUMconfiurati found
[    0.000000] Faking a node at [mem 0x0000000000000000x000000003ffeffff]
[    0.000000] NODE_DATA(0) allocated [mem 0x3ffc5000-0x3ffeffff]
[    0.000000] kvm-clock: cpu 0, msr 0:3ff44001, primary cpu clock
[    0.000000] kvm-clock: Using srs 4b564d01 and 4b564d00
[    0.000000] kvm-cloc: using sched offset of 6344936155 cycles
[    0.000000] clocksource: kvm-clock: ask: 0xffffffffffffff max_cycles: 0x1cd42e4dffb, max_idle_ns: 881590591483 
[    0.00000] Zone ranges:
[    0.000000]   DMA      [mem 0x0000000000001000-0x0000000000ffffff]
[    0.000000]   DMA32    [mem 0x0000000001000000-0x000000003ffeffff]
[    0.000000]   Normal   empty
[    0.000000]   Device   empty
[    0.000000] Movble zone start for each node
[    0.00000 Early memory node ranges
[    0.000000]   nod   0: [mem 0x0000000000001000-0x000000000009efff]
[    0.000000]   node   0: [mem 0x0000000000100000x000000003ffeffff]
[    0.000000] Reserved but unavailable: 98 pages
[    0.000000] Initmem setup node 0 [mem 0x0000000000001000-0x000000003ffeffff]
[    0.000000] ACPI:: PM-Timer IO Port: 04008
[    0.000000] IOAPIC[0]: apic_id 2, version 32, address 0xfec00000, GSI 0-23
[    0.000000] ACPI: INT_SRC_OVR (bus 0 bus_irq 0 global_irq 2 dfl dfl)
[    0.000000] ACPI: INT_SRC_OVR (bus 0 bus_irq 9 global_irq 9 low level)
[    0.000000] Using ACP(MADT) for SMP confuration information
[   0.000000] smpboot: Allowing 2 CPUs, 0 hotplug CPUs
[    000000] PMRegistered nosave memory: [mem 0x00000000-0x00000f]
[  0.00000]PM Rgistered nose mmory [mem x0009f000-0x0009ffff]
[    0.000000] PM: Registered nosave memory: [mem 0x000a0000-0x000effff]
[    0.000000] PM: Registered nosave memory: [mem 0x000f0000-0x000fff]
[  00000]e820: [mem 0x40000000-0xfebfffff] aiable for PCI devices
[    0.00000] Botg paravirtualizzed kernel on KVM
[  0.000000] clocksource:efined-jiffies: mask: 0xffffffff max_cycles: 0xffffffff, max_idle_ns: 7645519600211568 ns
[    0.000000] random: get_random_bytes called from start_kernel+0x99/0x4fd with crng_init=0
[    0.000000] setup_percpu: NR_CPUS:8192 nr_cpumask_bits:2 nr_cpu_ids:2 nr_node_ids:1
[    0.000000] percpu: Embedded 45 pages/cpu s147456 r8192 d28672 u1048576
[    0.000000]PV qspinlock hah ble entries: 256 (order: 0, 4096 bes)
[    0.000000] Built 1zonelists, mobility grouping on.  Total pages: 257913
[    0.000000] Policy zone: DMA32
[    0.000000] Kernel command line: BOOT_IMAGE=/boot/vmlinuz-4.15.0-91-generic root=ID=fc432cd9-3eff-4f0f-956a-9c088d130e57 ro consoletty1 cosole=ttyS0
[    0.000000] Memory: 982536K/1048120K available (12300K kernel code, 481K rwdata, 4264K rodata, 2432K init, 272K bss, 65584K reserved, 0Kma-reserved)

[   0.000000] SLUB:  HWign=64, Order=0-3, MinObecs=0, CPUs=2,Noes=
   0.0000] Kernel/User pagtableisoltin: enabled
[    0.000000] ftrace: allocating 39347 entries in 154 pages
[    0.00000] Hierarchical RCU implementation.
[    0.004000] 	RCU restricting CPUs from NR_CPUS=8192 to nr_cpu_ids=2.
[    0.004000] 	Tasks RCU ennabled.
[    0.004000] RCU: Adjusting geometry for rcu_fanout_leaf=16, nr_cpu_ids=2
[    0.004000] NR_IRQS: 524544, nr_irqs: 440, preallocated irqs: 16
[    0.004000] Console: colour VGA+ 80x25
[    0.004000] console [tty1] enabled
[    0.004000] console [ttyS0] enabled
[    0.004000] ACPI: Core revision 20170831
[    0.004000] ACPI: 2 ACPI AML tables successfully acquired and loaded
[  0.004000] APIC: Switch to symmetric I/O mode setup
[    0.004293] x2apic enabled
[    0.008008] Switched APIC routing to physical x2apic.
[    0.013780] ..TIMER: vector=0x30 apic1=0 pin1=2 apic2=-1 pin2=-1
[    0.016006] tsc: Detected 2303.998 MHz processor
[    0.020012] Calibrating delay loop (skipped) preset value.. 4607.99 BogoMIPS (lpj=9215992)
[    0.024008] pid_max: default: 32768 minimum: 301
[    0.028041] Security Framework initialized
[    0.032010] Yama: becoming mindful.
[    0.036038] AppArmor: AppArmor initialized
[    0.044040] Dentry cache hash table entries: 131072 (order: 8, 1048576 bytes)
[    0.048059] Inode-cache hash table entries: 65536 (order: 7, 524288 bytes)
[    0.052022] Mount-cache hash table entries: 2048 (order: 2, 16384 bytes)
[    0.056012] Mountpoint-cache hash table entries: 2048 (order: 2, 16384 bytes)
[    0.060234] Last level iTLB entries: 4KB 64, 2MB 8, 4MB 8
[    0.064005] Last level dTLB entries: 4KB 64, 2MB 0, 4MB 0, 1GB 4
[    0.068050] Spectre V1 : Mitigation: usercopy/swapgs barriers and __user pointer sanitization
[    0.070303] Spectre V2 : Mitigation: Full generic retpoline
[    0.072004] Spectre V2 : Spectre v2 / SpectreRSB mitigation: Filling RSB on context switch
[    0.076005] Speculative Store Bypass: Vulnerable
[    0.080042] MDS: Vulnerable: Clear CPU buffers attempted, no microcode
[    0.084203] Freeing SMP alternatives memory: 36K
[    0.200083] smpboot: CPU0: Intel(R) Core(TM) i5-7360U CPU @ 2.30GHz (family: 0x6, model: 0x8e, stepping: 0x9)
[    0.204214] Performance Events: unsupported p6 CPU model 142 no PMU driver, software events only.
[    0.208072] Hierarchical SRCU implementation.
[    0.212608] NMI watchdog: Perf event create on CPU 0 failed with -2
[    0.216005] NMI watchdog: Perf NMI watchdog permanently disabled
[    0.217278] smp: Bringing up secondary CPUs ...
[    0.220117] x86: Booting SMP configuration:
[    0.224006] .... node  #0, CPUs:      #1
[    0.004000] kvm-clock: cpu 1, msr 0:3ff44041, secondary cpu clock
[    0.231769] smp: Brought up 1 node, 2 CPUs
[    0.232010] smpboot: Max logical packages: 1
[    0.233706] smpboot: Total of 2 processors activated (9215.99 BogoMIPS)
[    0.236179] devtmpfs: initialized
[    0.240110] x86/mm: Memory block size: 128MB
[    0.241686] evm: security.selinux
[    0.244006] evm: security.SMACK64
[    0.248004] evm: security.SMACK64EXEC
[    0.252003] evm: security.SMACK64TRANSMUTE
[    0.256004] evm: security.SMACK64MMAP
[    0.260004] evm: security.apparmor
[    0.264005] evm: security.ima
[    0.268006] evm: security.capability
[    0.272094] clocksource: jiffies: mask: 0xffffffff max_cycles: 0xffffffff, max_idle_ns: 7645041785100000 ns
[    0.276021] futex hash table entries: 512 (order: 3, 32768 bytes)
[    0.281534] pinctrl core: initialized pinctrl subsystem
[    0.284126] RTC time:  4:16:47, date: 04/12/20
[    0.288200] NET: Registered protocol family 16
[    0.289442] audit: initializing netlink subsys (disabled)
[    0.290824] audit: type=2000 audit(1586665009.310:1): state=initialized audit_enabled=0 res=1
[    0.292012] cpuidle: using governor ladder
[    0.296010] cpuidle: using governor menu
[    0.300088] ACPI: bus type PCI registered
[    0.304006] acpiphp: ACPI Hot Plug PCI Controller Driver version: 0.5
[    0.306326] PCI: Using configuration type 1 for base access
[    0.308916] HugeTLB registered 2.00 MiB page size, pre-allocated 0 pages
[    0.312162] ACPI: Added _OSI(Module Device)
[    0.316008] ACPI: Added _OSI(Processor Device)
[    0.320011] ACPI: Added _OSI(3.0 _SCP Extensions)
[    0.324006] ACPI: Added _OSI(Processor Aggregator Device)
[    0.328010] ACPI: Added _OSI(Linux-Dell-Video)
[    0.332024] ACPI: Added _OSI(Linux-Lenovo-NV-HDMI-Audio)
[    0.336012] ACPI: Added _OSI(Linux-HPI-Hybrid-Graphics)
[    0.340570] ACPI: Executed 1 blocks of module-level executable AML code
[    0.349136] ACPI: Interpreter enabled
[    0.352030] ACPI: (supports S0 S5)
[    0.356005] ACPI: Using IOAPIC for interrupt routing
[    0.357420] PCI: Using host bridge windows from ACPI; if necessary, use "pci=nocrs" and report a bug
[    0.360213] ACPI: Enabled 2 GPEs in block 00 to 07
[    0.372969] ACPI: PCI Root Bridge [PCI0] (domain 0000 [bus 00-ff])
[    0.376018] acpi PNP0A03:00: _OSC: OS supports [ASPM ClockPM Segments MSI]
[    0.380075] acpi PNP0A03:00: _OSC: not requesting OS control; OS requires [ExtendedConfig ASPM ClockPM MSI]
[    0.384024] acpi PNP0A03:00: fail to add MMCONFIG information, can't access extended PCI configuration space under this bridge.
[    0.388432] PCI host bridge to bus 0000:00
[    0.392030] pci_bus 0000:00: root bus resource [io  0x0000-0x0cf7 window]
[    0.396009] pci_bus 0000:00: root bus resource [io  0x0d00-0xffff window]
[    0.400010] pci_bus 0000:00: root bus resource [mem 0x000a0000-0x000bffff window]
[    0.404012] pci_bus 0000:00: root bus resource [mem 0x40000000-0xfdffffff window]
[    0.408010] pci_bus 0000:00: root bus resource [bus 00-ff]
[    0.420546] pci 0000:00:01.1: legacy IDE quirk: reg 0x10: [io  0x01f0-0x01f7]
[    0.424009] pci 0000:00:01.1: legacy IDE quirk: reg 0x14: [io  0x03f6]
[    0.428007] pci 0000:00:01.1: legacy IDE quirk: reg 0x18: [io  0x0170-0x0177]
[    0.432007] pci 0000:00:01.1: legacy IDE quirk: reg 0x1c: [io  0x0376]
[    0.453268] pci 0000:00:07.0: quirk: [io  0x4000-0x403f] claimed by PIIX4 ACPI
[    0.456025] pci 0000:00:07.0: quirk: [io  0x4100-0x410f] claimed by PIIX4 SMB
[    0.469699] ACPI: PCI Interrupt Link [LNKA] (IRQs 5 9 10 *11)
[    0.472411] ACPI: PCI Interrupt Link [LNKB] (IRQs 5 9 *10 11)
[    0.476409] ACPI: PCI Interrupt Link [LNKC] (IRQs 5 *9 10 11)
[    0.480150] ACPI: PCI Interrupt Link [LNKD] (IRQs 5 9 10 *11)
[    0.484380] SCSI subsystem initialized
[    0.488062] pci 0000:00:02.0: vgaarb: setting as boot VGA device
[    0.492000] pci 0000:00:02.0: vgaarb: VGA device added: decodes=io+mem,owns=io+mem,locks=none
[    0.492012] pci 0000:00:02.0: vgaarb: bridge control possible
[    0.496007] vgaarb: loaded
[    0.496779] ACPI: bus type USB registered
[    0.500040] usbcore: registered new interface driver usbfs
[    0.504034] usbcore: registered new interface driver hub
[    0.505247] usbcore: registered new device driver usb
[    0.508082] EDAC MC: Ver: 3.0.0
[    0.509192] PCI: Using ACPI for IRQ routing
[    0.512151] NetLabel: Initializing
[    0.513044] NetLabel:  domain hash size = 128
[    0.514151] NetLabel:  protocols = UNLABELED CIPSOv4 CALIPSO
[    0.516029] NetLabel:  unlabeled traffic allowed by default
[    0.520084] clocksource: Switched to clocksource kvm-clock
[    0.550202] VFS: Disk quotas dquot_6.6.0
[    0.551646] VFS: Dquot-cache hash table entries: 512 (order 0, 4096 bytes)
[    0.553548] AppArmor: AppArmor Filesystem Enabled
[    0547]npPnAC iit
[    0.854915] pnp: PnPACPI: found 3 devices

[    0.902957] clocksource: acpi_pm: mask: 0xffffff max_cycles: 0xffffff, max_idle_n 25702ns[    154352] NET: Registered otolamy 

[    1.443302] TCP established hash table entries: 8192 (order: 4, 65536 bytes)
[    1.451140] TCP bind hash table entries: 8192 (order: 5, 131072 bytes)
[    1.454498] TCP: Hash tables configured (established 8192 bind 8192)
[    1.456449] UDP hash table entries: 512 (order: 2, 184ytes)
[   1557824] UDP-teastae tres512 (order: 2, 16384 bytes)
[   .927952] NET: Registered protoco family 1
[    2.012086] pci 0000:00:00.0:Limiting direct PCI/PCI trsfs
[  236130] pci 0000:001.0: Activating ISA A ha wkaun
  2.78] pci 0000:00:02.0: Video device with shadowed ROM at [mem 0x000c0000-0x000dffff]

[    2.668164] Unpacking initramfs...
[    3.049376] Freeing initrd memory: 19732K
[    3.087218] clocksource: tsc: mask: 0xffffffffffffffff max_cycles: 0x2135f5e6f15, max_idle_ns: 440795231538 ns
[    3.150938] platform rtc_cmos: registered platform RTC device (no PNP device found)
[    3.159547] Scanning for low memory corruption every 60 seconds
[    3.167393] Initialise system trusted keyrings
[    3.175014] Key type blacklist registered
[    3.182519] workingset: timestamp_bits=36 max_order=18 bucket_order=0
[    3.187476] zbud: loaded
[    3.188962] squashfs: version 4.0 (2009/01/31) Phillip Lougher
[    3.196267] fuse init (API version 7.26)
[    3.205195] Key type asymmetric registered
[    3.206268] Asymmetric key parser 'x509' registered
[    3.207468] Block layer SCSI generic (bsg) driver version 0.4 loaded (major 246)
[    3.243116] io scheduler noop registered
[    3.256085] io scheduler deadline registered
[    3.262783] io scheduler cfq registered (default)
[    3.285118] ACPI: AC Adapter [AC] (off-line)
[    3.292123] input: Power Button as /devices/LNXSYSTM:00/LNXPWRBN:00/input/input0
[    3.305471] ACPI: Power Button [PWRF]
[    3.318156] input: Sleep Button as /devices/LNXSYSTM:00/LNXSLPBN:00/input/input1
[    3.348658] ACPI: Sleep Button [SLPF]
[    3.394224] ACPI: Battery Slot [BAT0] (battery present)
[    3.400133] Serial: 8250/16550 driver, 32 ports, IRQ sharing enabled
[    3.532081] 00:02: ttyS0 at I/O 0x3f8 (irq = 4, base_baud = 115200) is a 16550A
[    3.572724] Linux agpgart interface v0.103
[    3.596720] loop: module loaded
[    3.622612] scsi host0: ata_piix
[    3.641757] scsi host1: ata_piix
[    3.658216] ata1: PATA max UDMA/33 cmd 0x1f0 ctl 0x3f6 bmdma 0xd000 irq 14
[    3.689834] ata2: PATA max UDMA/33 cmd 0x170 ctl 0x376 bmdma 0xd008 irq 15
[    3.719527] libphy: Fixed MDIO Bus: probed
[    3.737724] tun: Universal TUN/TAP device driver, 1.6
[    3.743173] PPP generic driver version 2.4.2
[    3.744403] ehci_hcd: USB 2.0 'Enhanced' Host Controller (EHCI) Driver
[    3.759623] ehci-pci: EHCI PCI platform driver
[    3.760990] ehci-platform: EHCI generic platform driver
[    3.817837] ohci_hcd: USB 1.1 'Open' Host Controller (OHCI) Driver
[    3.866623] ohci-pci: OHCI PCI platform driver
[    3.898054] ohci-platform: OHCI generic platform driver
[    3.906375] uhci_hcd: USB Universal Host Controller Interface driver
[    3.953793] i8042: PNP: PS/2 Controller [PNP0303:PS2K,PNP0f03:PS2M] at 0x60,0x64 irq 1,12
[    3.996157] serio: i8042 KBD port at 0x60,0x64 irq 1
[    4.009893] serio: i8042 AUX port at 0x60,0x64 irq 12
[    4.020607] mousedev: PS/2 mouse device common for all mice
[    4.050537] input: AT Translated Set 2 keyboard as /devices/platform/i8042/serio0/input/input2
[    4.082555] rtc_cmos rtc_cmos: rtc core: registered rtc_cmos as rtc0
[    4.151529] rtc_cmos rtc_cmos: alarms up to one day, 114 bytes nvram
[    4.166205] i2c /dev entries driver
[    4.186534] device-mapper: uevent: version 1.0.3
[    4.187889] device-mapper: ioctl: 4.37.0-ioctl (2017-09-20) initialised: dm-devel@redhat.com
[    4.212502] ledtrig-cpu: registered to indicate activity on CPUs
[    4.222258] NET: Registered protocol family 10
[    4.229897] Segment Routing with IPv6
[    4.236663] NET: Registered protocol family 17
[    4.238183] Key type dns_resolver registered
[    4.251159] mce: Using 0 MCE banks
[    4.252510] RAS: Correctable Errors collector initialized.
[    4.264479] sched_clock: Marking stable (4264437412, 0)->(10984521327, -6720083915)
[    4.275611] registered taskstats version 1
[    4.282928] Loading compiled-in X.509 certificates
[    4.289326] Loaded X.509 cert 'Build time autogenerated kernel key: d019e8c5f4cbc828f6af43369f65a014a3a68371'
[    4.301465] zswap: loaded using pool lzo/zbud
[    4.310620] Key type big_key registered
[    4.311416] Key type trusted registered
[    4.313921] Key type encrypted registered
[    4.315046] AppArmor: AppArmor sha1 policy hashing enabled
[    4.316332] ima: No TPM chip found, activating TPM-bypass! (rc=-19)
[    4.317880] ima: Allocated hash algorithm: sha1
[    4.330218] evm: HMAC attrs: 0x1
[    4.331386]   Magic number: 0:31:262
[    4.332455] rtc_cmos rtc_cmos: setting system clock to 2020-04-12 04:16:52 UTC (1586665012)
[    4.337011] BIOS EDD facility v0.16 2004-Jun-25, 0 devices found
[    4.361096] EDD information not available.
[    4.404757] Freeing unused kernel image memory: 2432K
[    4.438487] Write protecting the kernel read-only data: 20480k
[    4.890113] Freeing unused kernel image memory: 2008K
[    5.927858] Freeing unused kernel image memory: 1880K
[    6.160662] x86/mm: Checked W+X mappings: passed, no W+X pages found.
[    6.928341] x86/mm: Checking user space page tables
[    6.937313] x86/mm: Checked W+X mappings: passed, no W+X pages found.
Loading, please wait...
starting version 237
[    7.203101] e1000: Intel(R) PRO/1000 Network Driver - version 7.3.21-k8-NAPI
[    7.204926] e1000: Copyright (c) 1999-2006 Intel Corporation.
[    7.218224] Fusion MPT base driver 3.04.20
[    7.219457] Copyright (c) 1999-2008 LSI Corporation
[    7.247995] Fusion MPT SPI Host driver 3.04.20
[    7.253776] AVX2 version of gcm_enc/dec engaged.
[    7.257249] AES CTR mode by8 optimization enabled
[    7.476397] input: ImExPS/2 Generic Explorer Mouse as /devices/platform/i8042/serio1/input/input4
[    7.885965] e1000 0000:00:03.0 eth0: (PCI:33MHz:32-bit) 02:b1:13:47:2b:13
[    8.734434] e1000 0000:00:03.0 eth0: Intel(R) PRO/1000 Network Connection
[    9.913771] e1000 0000:00:08.0 eth1: (PCI:33MHz:32-bit) 08:00:27:c6:bb:13
[   10.173327] e1000 0000:00:08.0 eth1: Intel(R) PRO/1000 Network Connection
[   10.224904] e1000 0000:00:08.0 enp0s8: renamed from eth1
[   10.232431] mptbase: ioc0: Initiating bringup
[   10.246301] e1000 0000:00:03.0 enp0s3: renamed from eth0
[   10.812424] ioc0: LSI53C1030 A0: Capabilities={Initiator}
[   11.950935] scsi host2: ioc0: LSI53C1030 A0, FwRev=00000000h, Ports=1, MaxQ=256, IRQ=20
[   13.870187] scsi 2:0:0:0: Direct-Access     VBOX     HARDDISK         1.0  PQ: 0 ANSI: 5
[   14.016078] scsi target2:0:0: Beginning Domain Validation
[   14.063229] scsi target2:0:0: Domain Validation skipping write tests
[   14.133033] scsi target2:0:0: Ending Domain Validation
[   14.161389] scsi target2:0:0: asynchronous
[   14.216841] scsi 2:0:1:0: Direct-Access     VBOX     HARDDISK         1.0  PQ: 0 ANSI: 5
[   14.264338] scsi target2:0:1: Beginning Domain Validation
[   14.304208] random: fast init done
[   14.663077] scsi target2:0:1: Domain Validation skipping write tests
[   14.670033] scsi target2:0:1: Ending Domain Validation
[   14.673318] scsi target2:0:1: asynchronous
[   14.684311] sd 2:0:0:0: Attached scsi generic sg0 type 0
[   14.684384] random: systemd-udevd: uninitialized urandom read (16 bytes read)
[   14.695506] sd 2:0:1:0: Attached scsi generic sg1 type 0
[   14.715754] random: systemd-udevd: uninitialized urandom read (16 bytes read)
[   14.728572] random: systemd-udevd: uninitialized urandom read (16 bytes read)
[   14.732425] sd 2:0:0:0: [sda] 20971520 512-byte logical blocks: (10.7 GB/10.0 GiB)
[   14.733999] sd 2:0:1:0: [sdb] 20480 512-byte logical blocks: (10.5 MB/10.0 MiB)
[   14.762129] sd 2:0:1:0: [sdb] Write Protect is off
[   14.762151] sd 2:0:0:0: [sda] Write Protect is off
[   14.785253] sd 2:0:1:0: [sdb] Incomplete mode parameter data
[   14.785296] sd 2:0:0:0: [sda] Incomplete mode parameter data
[   14.793472] sd 2:0:1:0: [sdb] Assuming drive cache: write through
[   14.795044] sd 2:0:0:0: [sda] Assuming drive cache: write through
[   14.807695]  sda: sda1
[   14.818426] sd 2:0:0:0: [sda] Attached SCSI disk
[   14.824788] sd 2:0:1:0: [sdb] Attached SCSI disk
Begin: Loading essential drivers ... [   16.312217] raid6: sse2x1   gen() 10885 MB/s
[   16.360308] raid6: sse2x1   xor()  7771 MB/s
[   16.440029] raid6: sse2x2   gen() 12305 MB/s
[   16.528020] raid6: sse2x2   xor()  9286 MB/s
[   16.592200] raid6: sse2x4   gen() 16471 MB/s
[   16.666606] raid6: sse2x4   xor() 10752 MB/s
[   16.724124] raid6: avx2x1   gen() 22606 MB/s
[   16.824076] raid6: avx2x1   xor() 16745 MB/s
[   16.952095] raid6: avx2x2   gen() 20837 MB/s
[   17.000072] raid6: avx2x2   xor() 11318 MB/s
[   17.048539] raid6: avx2x4   gen() 30461 MB/s
[   17.096383] raid6: avx2x4   xor() 19424 MB/s
[   17.097276] raid6: using algorithm avx2x4 gen() 30461 MB/s
[   17.101006] raid6: .... xor() 19424 MB/s, rmw enabled
[   17.113203] raid6: using avx2x2 recovery algorithm
[   17.121220] xor: automatically using best checksumming function   avx       
[   17.129470] async_tx: api initialized (async)
done.
Begin: Running /scripts/init-premount ... done.
Begin: Mounting root file system ... Begin: Running /scripts/local-top ... done.
Begin: Running /scripts/local-premount ... [   17.182456] Btrfs loaded, crc32c=crc32c-intel
Scanning for Btrfs filesystems
done.
Warning: fsck no[   17.268585] EXT4-fs (sda1): INFO: recovery required on readonly filesystem
t present, so skipping root file[   17.274836] EXT4-fs (sda1): write access will be enabled during recovery
 system
[   17.316786] EXT4-fs (sda1): recovery complete
[   17.336254] EXT4-fs (sda1): mounted filesystem with ordered data mode. Opts: (null)
done.
Begin: Running /scripts/local-bottom ... done.
Begin: Running /scripts/init-bottom ... done.
[   17.627201] ip_tables: (C) 2000-2006 Netfilter Core Team
[   17.638579] systemd[1]: systemd 237 running in system mode. (+PAM +AUDIT +SELINUX +IMA +APPARMOR +SMACK +SYSVINIT +UTMP +LIBCRYPTSETUP +GCRYPT +GNUTLS +ACL +XZ +LZ4 +SECCOMP +BLKID +ELFUTILS +KMOD -IDN2 +IDN -PCRE2 default-hierarchy=hybrid)
[   19.933472] systemd[1]: Detected virtualization oracle.
[   19.950652] systemd[1]: Detected architecture x86-64.

Welcome to [1mUbuntu 18.04.3 LTS[0m!

[   20.550289] systemd[1]: Set hostname to <ubuntu-bionic>.
[   21.654284] systemd[1]: Reached target User and Group Name Lookups.
[[0;32m  OK  [0m] Reached target User and Group Name Lookups.
[   21.657824] systemd[1]: Set up automount Arbitrary Executable File Formats File System Automount Point.
[[0;32m  OK  [0m] Set up automount Arbitrary Executab…rmats File System Automount Point.
[   21.740317] systemd[1]: Created slice System Slice.
[[0;32m  OK  [0m] Created slice System Slice.
[   21.804553] systemd[1]: Listening on LVM2 metadata daemon socket.
[[0;32m  OK  [0m] Listening on LVM2 metadata daemon socket.
[   21.844950] systemd[1]: Listening on Journal Socket (/dev/log).
[[0;32m  OK  [0m] Listening on Journal Socket (/dev/log).
[   21.917518] systemd[1]: Listening on udev Control Socket.
[[0;32m  OK  [0m] Listening on udev Control Socket.
[[0;32m  OK  [0m] Listening on Network Service Netlink Socket.
[[0;32m  OK  [0m] Listening on /dev/initctl Compatibility Named Pipe.
[[0;32m  OK  [0m] Listening on Journal Audit Socket.
[[0;32m  OK  [0m] Listening on Journal Socket.
         Mounting Kernel Debug File System...
[[0;32m  OK  [0m] Listening on Syslog Socket.
         Starting Uncomplicated firewall...
         Starting Remount Root and Kernel File Systems...
         Mounting Huge Pages File System...
[   22.194626] EXT4-fs (sda1): re-mounted. Opts: (null)
         Starting Set the console keyboard layout...
         Starting Create list of required st…ce nodes for the current kernel...
         Mounting POSIX Message Queue File System...
[[0;32m  OK  [0m] Created slice system-serial\x2dgetty.slice.
[[0;32m  OK  [0m] Reached target Swap.
[[0;32m  OK  [0m] Reached target System Time Synchronized.
[[0;32m  OK  [0m] Listening on Device-mapper event daemon FIFOs.
         Starting Monitoring of LVM2 mirrors…ng dmeventd or progress polling...
[   22.260676] random: crng init done
[   22.275583] random: 7 urandom warning(s) missed due to ratelimiting
         Starting Journal Service...
         Starting Load Kernel Modules...
[[0;32m  OK  [0m] Created slice User and Session Slice.
[[0;32m  OK  [0m] Reached target Slices.
[[0;32m  OK  [0m] Listening on[   22.331117] Loading iSCSI transport class v2.0-870.
 LVM2 poll daemon socket.
[[0;32m  OK  [[   22.417633] iscsi: registered transport (tcp)
0m] Listening on udev Kernel Socket.
         Starting udev Coldplug all Devices...
[[0;32m  OK  [0m] Started Forward Password Requests to Wall Directory Watch.
[   22.505330] iscsi: registered transport (iser)
[[0;32m  OK  [0m] Started Journal Service.
[[0;32m  OK  [0m] Mounted Kernel Debug File System.
[[0;32m  OK  [0m] Started Uncomplicated firewall.
[[0;32m  OK  [0m] Started Remount Root and Kernel File Systems.
[[0;32m  OK  [0m] Mounted Huge Pages File System.
[[0;32m  OK  [0m] Started Set the console keyboard layout.
[[0;32m  OK  [0m] Started Create list of required sta…vice nodes for the current kernel.
[[0;32m  OK  [0m] Mounted POSIX Message Queue File System.
[[0;32m  OK  [0m] Started Load Kernel Modules.
[[0;32m  OK  [0m] Started LVM2 metadata daemon.
         Mounting FUSE Control File System...
         Starting Apply Kernel Variables...
         Mounting Kernel Configuration File System...
         Starting Create Static Device Nodes in /dev...
         Starting Load/Save Random Seed...
         Starting Flush Journal to Persistent Storage...
[[0;32m  OK  [0m] Started Monitoring of LVM2 mirrors,…sing dmeventd or progress polling.
[[0;32m  OK  [0m] Started udev Coldplug all Devices.
[[0;32m  OK  [0m] Mounted FUSE Control File System.
[[0;32m  OK  [0m] Started Apply Kernel Variables.
[[0;32m  OK  [0m] Mounted Kernel Configuration File System.
[[0;32m  OK  [0m] Started Create Static Device Nodes in /dev.
[[0;32m  OK  [0m] Started Load/Save Random Seed.
         Starting udev Kernel Device Manager...
[[0;32m  OK  [0m] Reached target Local File Systems (Pre).
[[0;32m  OK  [0m] Reached target Local File Systems.
         Starting Tell Plymouth To Write Out Runtime Data...
         Starting AppArmor initialization...
         Starting Set console font and keymap...
         Starting ebtables ruleset management...
[[0;32m  OK  [0m] Started udev Kernel Device Manager.
[[0;32m  OK  [0m] Started Tell Plymouth To Write Out Runtime Data.
[[0;32m  OK  [0m] Started Dispatch Password Requests to Console Directory Watch.
[[0;32m  OK  [0m] Reached target Local Encrypted Volumes.
[[0;32m  OK  [0m] Started Set console font and keymap.
[[0;32m  OK  [0m] Started ebtables ruleset management.
[[0;32m  OK  [0m] Found device /dev/ttyS0.
[[0;32m  OK  [0m] Listening on Load/Save RF Kill Switch Status /dev/rfkill Watch.
[[0;32m  OK  [0m] Started Flush Journal to Persistent Storage.
         Starting Create Volatile Files and Directories...
[[0;32m  OK  [0m] Started Create Volatile Files and Directories.
[[0;32m  OK  [0m] Started AppArmor initialization.
         Starting Update UTMP about System Boot/Shutdown...
         Starting Initial cloud-init job (pre-networking)...
[[0;32m  OK  [0m] Started Update UTMP about System Boot/Shutdown.
[   25.531241] cloud-init[541]: Cloud-init v. 19.3-41-gc4735dd3-0ubuntu1~18.04.1 running 'init-local' at Sun, 12 Apr 2020 04:17:13 +0000. Up 25.30 seconds.
[[0;32m  OK  [0m] Started Initial cloud-init job (pre-networking).
[[0;32m  OK  [0m] Reached target Network (Pre).
         Starting Network Service...
[[0;32m  OK  [0m] Started Network Service.
         Starting Network Name Resolution...
         Starting Wait for Network to be Configured...
[[0;32m  OK  [0m] Started Network Name Resolution.
[[0;32m  OK  [0m] Reached target Network.
[[0;32m  OK  [0m] Reached target Host and Network Name Lookups.
[[0;32m  OK  [0m] Started Wait for Network to be Configured.
         Starting Initial cloud-init job (metadata service crawler)...
[   27.890354] cloud-init[706]: Cloud-init v. 19.3-41-gc4735dd3-0ubuntu1~18.04.1 running 'init' at Sun, 12 Apr 2020 04:17:15 +0000. Up 27.75 seconds.
[   27.929257] cloud-init[706]: ci-info: ++++++++++++++++++++++++++++++++++++++Net device info+++++++++++++++++++++++++++++++++++++++
[   28.016337] cloud-init[706]: ci-info: +--------+------+-----------------------------+---------------+--------+-------------------+
[   28.044388] cloud-init[706]: ci-info: | Device |  Up  |           Address           |      Mask     | Scope  |     Hw-Address    |
[   28.061180] cloud-init[706]: ci-info: +--------+------+-----------------------------+---------------+--------+-------------------+
[   28.132385] cloud-init[706]: ci-info: | enp0s3 | True |          10.0.2.15          | 255.255.255.0 | global | 02:b1:13:47:2b:13 |
[[0;32m  OK  [0m] Started Initial cloud-init job (metadata service crawler).
[   28.158068] [[0;32m  OK  [0m] Reached target Cloud-config availability.
[[0;32m  OK  [0m] Reached target System Initialization.
cloud-init[706]: ci-info: | enp0s3 | True |  fe80::b1:13ff:fe47:2b13/64 |       .       |  link  | 02:b1:13:47:2b:13 |
[[0;32m  OK  [0m] Started Discard unused blocks once a week.
[   28.167887] cloud-init[[0;32m  OK  [0m] Listening on ACPID Listen Socket.
[[0;32m  OK  [0m] Started Daily apt download activities.
[706]: ci-info: | enp0s8 | True |        192.168.33.10        | 255.255.255.0 | global | 08:00:27:c6:bb:13 |
[[0;32m  OK  [0m] Started Daily apt upgrade and clean activities.
[   28.185980] cloud-init[706]: ci-info: | enp0s8 | True | fe80::a00:27ff:fec6:bb13/64 |       .       |  link  | 08:00:27:c6:bb:13 |
         Starting Socket activation for snappy daemon.
[   28.269212] [cloud-init[0;32m  OK  [0m[706]: ] ci-info: |   lo   | True |          127.0.0.1          |   255.0.0.0   |  host  |         .         |Listening on UUID daemon activation socket.

[[0;32m  OK  [0m] Listening on D-Bus System Message Bus Socket.
[   28.433111] cloud-init         Starting LXD - unix socket.
[[0;32m  OK  [0m] Started Daily Cleanup of Temporary Directories.
[[0;32m  OK  [0m] Started Message of the Day.
[[0;32m  OK  [0m] Reached target Timers.
[706]: ci-info: |   lo   | True |           ::1/128           |       .       |  host  |         .         |
[[0;32m  OK  [0m] Started ACPI Events Check.
[[0;32m  OK  [0m] Reached target Paths.
[   28.505307] [[0;32m  OK  [0m] Listening on Open-iSCSI iscsid Socket.
[[0;32m  OK  [0m] Reached target Network is Online.
cloud-init[706]: ci-info: +--------+------+-----------------------------+---------------+--------+-------------------+
         Starting Availability of block devices...
[[0;32m  OK  [0m] Reached target Remote File Systems (Pre).
[[0;32m  OK  [0m] Reached target Remote File Systems.
[   28.611436] cloud-init[706]: ci-info: +++++++++++++++++++++++++++++Route IPv4 info+++++++++++++++++++++++++++++
[[0;32m  OK  [0m] Listening on Socket activation for snappy daemon.
[   28.660935] [cloud-init[706]: ci-info: +-------+--------------+----------+-----------------+-----------+-------+[0;32m  OK  [0m
] Listening on LXD - unix socket.
[   28.815840] [[0;32m  OK  [0m] Started Availability of block devices.
cloud-init[706]: ci-info: | Route | Destination  | Gateway  |     Genmask     | Interface | Flags |
[[0;32m  OK  [0m] Reached target Sockets.
[[0;32m  OK  [0m] Reached target Basic System.
[   28.923463] cloud-init[706]: ci-info: +-------+--------------+----------+-----------------+-----------+-------+
[   29.056816]          Starting LSB: Record successful boot for GRUB...
cloud-init[706]: ci-info: |   0   |   0.0.0.0    | 10.0.2.2 |     0.0.0.0     |   enp0s3  |   UG  |
         Starting OpenBSD Secure Shell server...
[   29.077429] cloud-init[706]: ci-info: |   1   |   10.0.2.0   | 0.0.0.0  |  255.255.255.0  |   enp0s3  |   U   |
         Starting Discard unused blocks...
[   29.150203]          cloud-init[706]: ci-info: |   2   |   10.0.2.2   | 0.0.0.0  | 255.255.255.255 |   enp0s3  |   UH  |Starting Accounts Service...

         Starting System Logging Service...
         Starting vboxadd.service...
[   29.180984] cloud-init[706]: ci-info: |   3   | 192.168.33.0 | 0.0.0.0  |  255.255.255.0  |   enp0s8  |   U   |
[   29.190199] cloud-init[706]: ci-info: +-------+--------------+----------+-----------------+-----------+-------+
[   29.200931] cloud-init[706]: ci-info: +++++++++++++++++++Route IPv6 info+++++++++++++++++++
[   29.202974] cloud-init[706]: ci-info: +-------+-------------+---------+-----------+-------+
[[0;32m  OK  [0m] Started irqbalance daemon.
[   29.226971] cloud-init         Starting LSB: automatic crash report generation...
[706]: ci-info: | Route | Destination | Gateway | Interface | Flags |
[[0;32m  OK  [0m] Started Deferred execution scheduler.
[[0;32m  OK  [0m] Started D-Bus System Message Bus.
[   29.259926] cloud-init[706]: ci-info: +-------+-------------+---------+-----------+-------+
[   29.324245] cloud-init[706]: ci-info: |   1   |  fe80::/64  |    ::   |   enp0s8  |   U   |
[   29.342459] cloud-init[706]: ci-info: |   2   |  fe80::/64  |    ::   |   enp0s3  |   U   |
[[0;32m  OK  [0m] Started Regular background program processing daemon.
[   29.368897] cloud-init         Starting Permit User Sessions...
[706]: ci-info: |   4   |    local    |    ::   |   enp0s3  |   U   |
[   29.372715]          Starting Login Service...
         Starting LXD - container startup/shutdown...
cloud-init[706]: ci-info: |   5   |    local    |    ::   |   enp0s8  |   U   |
         Starting Dispatcher daemon for systemd-networkd...
[   29.393384] cloud-init[[0;32m  OK  [0m] Started FUSE filesystem for LXC.
         Starting Message of the Day...
[706]: ci-info: |   6   |   ff00::/8  |    ::   |   enp0s8  |   U   |
[   29.403444] cloud-init[706]: ci-info: |   7   |   ff00::/8  |    ::   |   enp0s3  |   U   |
[   29.407078] cloud-init[706]: ci-info: +-------+-------------+---------+-----------+-------+
         Starting Snappy daemon...
[[0;32m  OK  [0m] Started System Logging Service.
[[0;32m  OK  [0m] Started Discard unused blocks.
[[0;32m  OK  [0m] Started Permit User Sessions.
[[0;32m  OK  [0m] Started OpenBSD Secure Shell server.
[[0;32m  OK  [0m] Started Login Service.
[[0;32m  OK  [0m] Started Unattended Upgrades Shutdown.
         Starting Authorization Manager...
         Starting Hold until boot process finishes up...
         Starting Terminate Plymouth Boot Screen...
[[0;32m  OK  [0m] Started Hold until boot process finishes up.
         Starting Set console scheme...
[[0;32m  OK  [0m] Started Serial Getty on ttyS0.
[[0;32m  OK  [0m] Started Terminate Plymouth Boot Screen.
[[0;32m  OK  [0m] Started Authorization Manager.
[[0;32m  OK  [0m] Started Accounts Service.
[[0;32m  OK  [0m] Started Set console scheme.
[[0;32m  OK  [0m] Created slice system-getty.slice.
[[0;32m  OK  [0m] Started Getty on tty1.
[[0;32m  OK  [0m] Reached target Login Prompts.
[[0;32m  OK  [0m] Started LXD - container startup/shutdown.
[[0;32m  OK  [0m] Started LSB: automatic crash report generation.
[[0;32m  OK  [0m] Started LSB: Record successful boot for GRUB.
[[0;32m  OK  [0m] Started Dispatcher daemon for systemd-networkd.
[[0;32m  OK  [0m] Started vboxadd.service.
         Starting vboxadd-service.service...
[[0;32m  OK  [0m] Started Snappy daemon.
         Starting Wait until snapd is fully seeded...
[[0;32m  OK  [0m] Started vboxadd-service.service.
[[0;32m  OK  [0m] Started Wait until snapd is fully seeded.
         Starting Apply the settings specified in cloud-config...
[[0;32m  OK  [0m] Reached target Multi-User System.
[[0;32m  OK  [0m] Reached target Graphical Interface.
         Starting Update UTMP about System Runlevel Changes...
[[0;32m  OK  [0m] Started Update UTMP about System Runlevel Changes.
[   30.777461] cloud-init[1262]: Cloud-init v. 19.3-41-gc4735dd3-0ubuntu1~18.04.1 running 'modules:config' at Sun, 12 Apr 2020 04:17:18 +0000. Up 30.68 seconds.
[[0;32m  OK  [0m] Started Apply the settings specified in cloud-config.
         Starting Execute cloud user/final scripts...
[   31.367204] cloud-init[1332]: Cloud-init v. 19.3-41-gc4735dd3-0ubuntu1~18.04.1 running 'modules:final' at Sun, 12 Apr 2020 04:17:19 +0000. Up 31.25 seconds.
[   31.375542] cloud-init[1332]: Cloud-init v. 19.3-41-gc4735dd3-0ubuntu1~18.04.1 finished at Sun, 12 Apr 2020 04:17:19 +0000. Datasource DataSourceNoCloud [seed=/dev/sdb][dsmode=net].  Up 31.36 seconds
[[0;32m  OK  [0m] Started Execute cloud user/final scripts.
[[0;32m  OK  [0m] Reached target Cloud-init target.
[[0;32m  OK  [0m] Started Message of the Day.

Ubuntu 18.04.3 LTS ubuntu-bionic ttyS0

ubuntu-bionic login: 