[    00000] Linux version 4.15.0-74-generic (buildd@lcy01-amd64-022) (gcc version 7.4.0 (Ubuntu 7.4.0-1ubuntu1~18.04.1)) #84-Ubuntu SMP Thu Dec 19 08:06:28 UTC 2019 (Ubuntu 4.15.0-74.84-generic 4.15.18)
[    0.000000] Command line: BOOT_IMAGE=/boot/vmlinuz-4.15.0-74-generic root=UUID=fc432cd9-3eff-4f0f-956a-9c088d130e57 ro console=tty1 console=ttyS0
[    0.000000] KERNEL supported cpu
[    00000]   Intel GenuineIntel
[    0.000000]   AMD AuthenticAMD
[    0.000000]   Centaur CentaurHauls
[    0.000000] x86/fpu: Supporting XSAVE feature 0x001: 'x87 floating point registers'
[    0.000000] x86/fpu: Supporng XSAVEeatur0x02:SS registers'
[    0.0000] x/fpu: Supporting XSAE feature 0x004: 'AVXegsters'
[    00000 x86/fpu: xstate_offset[2]:  576, xstat_szes[2]:  256
[    0.000000] x86/fpu: Enabled xstate features 0x, ntext size i832 bytesusng'sndard' format.
[    0.000000] e820: BIOS-provided physical RAM map:
[    0.000000] BIOS-e820: [mem 0x0000000000000000-0x000000000009fbff] usable
[    0.000000] BIOS-e820: [mem 0x000000000009fc00-0x000000000009ffff] reserved
[   0.000000] BIOS-e820: [mem 0x00000000000f0000-0x0000000000fffff] reserved
[    0.000000] BIOS-e820: [mem 0x0000000000100000-0x000000003ffeffff] usable
[    0.000000] BIOS-e820: [mem 0x000000003fff0000-0x000000003fffffff] ACPI data
[    0.000000] BIOS-e820: [mem 0x00000000fec00000-0x00000000fec00fff] reserved
[    0.00000] BIOS-20: [mem 0x00000000fee00000-0x00000000fee00fff] resved
[    0.000000] BIOS-e820: [mem 0x00000000fffc0000-0x00000000ffffffff] reserved
[    0.000000] NX (Execute Disable) protection: active
[    0.000000] SMBIOS 25 resent.
[    0.0000] D: nnotek GmbH VirtualBox/VirtualBox, BIOS VirtualBox 12/01/2006
   0.000000] Herisor detectedKVM
[  0000000] e820: stpfn =x3ff0 max_ar_pn =x400000000
[    0.000000] MTRR: Disabled
[    0.000000] x86/PAT: MTRRs disaed, kiing PAT initialization to.
[    0.000000] CPU MTRRs all blank - viralizd system.
[    0.000000] x86/PAT: Configuration [0-7]: WB  WT  UC- UC  WB  WT  UC- UC  
[    .00000] found SMP P-table at [mem 0x0009fff0-0x0009ffff]
[    0.000000] Scanning 1 areas for low memory corruption
[    0.000000] RAMDIS: [mm 0x3567000-0x36caafff]
[    0.000000] ACPI: Ely table checksum verification disabled
[    0.000000] ACPI: RSDP 0x00000000000E0000 000024 (v02 VBOX  )
[    0.000000] ACPI: XSDT 0x000000003FFF0030 00003C (v01VBOX   VBOXXSDT 00000001 ASL  00000061)
[    0.000000] ACPI: FACP 0x000000003FFF00F0 0000F4 (v04 VBOX   VBOXFACP 00000001 ASL  00000061)
[    0.000000] ACPI: DSDT 0x000000003FFF0470 0021FF (v02 VBOX   VBOXBIOS 00000002 INTL 20100528)
[    0.00000] AI:FAC0x00000003F0200 000040
[  0.000000] AC: ACS 00000003FF200 0040
[  0000000] ACPI: AIC0x0000003FFF0240 00005C (v02 VBOX   VBOXAPIC 00000001 ASL  00000061)
[  0.0000] ACPI: SSDT 0x000000003FFF02A0 0001CC (v01 VBOX   VBOXCPUT 00000002 INT 200528)
[    0.00000] No NUMA configuration found
[    0.000000] Faking a node at [mem 0x0000000000000000-0x000000003ffeffff]
[    0.000000] NODE_DATA(0) allocated [mem 0x3ffc5000-0x3ffeffff]
[    0.000000] kvm-clock: cpu 0, msr 0:3ff44001, primary cpu clock
[    0.000000] kvm-clock: Using msrs 4b564d01 and 4b564d00
[    0.000000] kvm-clock: using sched offset of 5641543588 cycles
[    0.000000] clocksource: kvm-clock: mask: 0xffffffffffffffff max_cycles: 0x1cd42e4dffb, max_idle_ns: 881590591483 ns
[    0.000000] Zone ranges:
[    0.000000]   DMA      [mem 0x0000000000001000-0x0000000000ffffff]
[    0.000000]   DMA32    [mem 0x0000000001000000-0x000000003ffeffff]
[    0.000000]   Normal   empty
[    0.000000]   Device   empty
[    0.000000] Movable zone start for each node
[    0.000000] Early memory noderanges
[    0.000000]   node   0: [mem 0x0000000000001000-0x00000000009eff]
[    00000]   node   0: [mem 0x0000000000100000-0x000000003ffeffff]
[    0.000000] Reserved but unavailable: 98 pages
[    0.0000] Inme setupode 0 [m x0000000000001000-0x000000003ffeffff]
[    000000]CP: PM-Timer IO Port: 0x4008
[    0.000] IOAC[0]: apic_id 2, version 32, address 0xfec00000, GSI 0-23
[  0.000000] ACPI: INT_SRC_OVR (bus 0 busrq 0 gba_irq 2 dfl dfl)
[  0.000000] ACPI: INT_SRC_OVR (bus 0 bus_irq 9 obalir 9 low level)
[  0.0000 Using ACPI (MADT) for SMP configuration information
[    0.000000] smpboot: Allowing 2 CPUs, 0 hotplug CPUs
[    0.000000] PM: Registered nosave memory: [mem 0x00000000-0x00000fff]
[    0.000000] PM: Registered nosave memory: [mem 0x0009f000-0x0009ffff]
[    0.000000] PM: Registered nosave memory: [mem 0x000a0000-0x000effff]
[    0.000000] PM: Registered nosave memory: [mem 0x000f0000-0x000fffff]
[    0.000000] e820: [mem 0x40000000-0xfebfffff] availble for PCI devices
[    0.000000] Booting paravirtualizd kernel on KVM
[    0.000000] clocksource: refined-jiffies: mask: 0ffffffff max_cycles: 0xffffffff, max_idle_ns: 7645519600211568 ns
[    0.000000] random: get_random_bytes calledrom start_kernel+0x99/0x4fd with crng_init=0
[    0.000000] setup_percpu: NR_CPUS:8192 nr_cpumask_bits:2 nr_cpu_ids:2 nr_node_ids:1
[  0.000000] percpu: Embedded 45 pages/cpu s147456 r8192 d28672 u1048576
[    0.000000] PV qspinlock hash tab entries:56 (ord: 0, 4096 bytes)
[    0.000000] Built 1onelists, mobity grouping on.  Total pages: 257913
[    0.000000] Policy zone: DMA32
[    0.000000] Kernel command line: BOOT_IMAGE=/boot/vmlinuz-4.15.0-74-generic root=UUID=fc432cd9-3eff-4f0f-956a-9c088d130e57 ro console=tty1 console=ttyS0
[    0.000000] Memory: 982552K/1048120K avaabe (123K kerl code 2481K wdta, 60 rodata, 2428init, 24Kbss, 65568Keserved 0cma-reserved)
[    0.000000] SLUB: HWalign=64, Order=0-3, MinObjects, PUss=2, Nodes=1
[    0.000000] Kernel/User page tables isolation: enabled
[    0.000000] ftrace: allocating 39322 entries in 154 pages
[    0.004000] Hierarchical RCU implementation.
[    0.004000] 	RCU restricting CPUs from NR_CPUS=8192 to nr_cpu_ids=2.
[    0.004000] 	Tasks RCU enabled.
[    0.004000] RCU: Adjusting geometry for rcu_fanout_leaf=16, nr_cpu_ids=2
[    0.004000] NR_IRQS: 524544, nr_irqs: 440, preallocated irqs: 16
[    0.004000] Console: colour VGA+ 80x25
[    0.004000] console [tty1] enabled
[    0.004000] console [ttyS0] enabled
[    0.004000] ACPI: Core reviion 20170831
[    0.004000] ACPI: 2 ACPI AML tables successfully acquied and loaded
[    0.004000] APIC: Switch to symmetric I/O mde setup
[    0.008198] x2apic enabled
[    0.012005] Switched APIC routing to physical x2apic.
[    0.017013] ..TIMER: vector=0x30 apic1=0 pin1=2 apic2=-1 pin2=-1
[    0.020006] tsc: Detected 2304.000 MHz processor
[    0.024016] Calibrating delay loop (skipped) preset value.. 4608.00 BogoMIPS (lpj=9216000)
[    0.028007] pid_max: default: 32768 minimum: 301
[    0.032042] Security Framework initialized
[    0.036007] Yama: becoming mindful.
[    0.040039] AppArmor: AppArmor initialized
[    0.045552] Dentry cache hash table entries: 131072 (order: 8, 1048576 bytes)
[    0.048086] Inode-cache hash table entries: 65536 (order: 7, 524288 bytes)
[    0.052030] Mount-cache hash table entries: 2048 (order: 2, 16384 bytes)
[    0.056012] Mountpoint-cache hash table entries: 2048 (order: 2, 16384 bytes)
[    0.060250] Last level iTLB entries: 4KB 64, 2MB 8, 4MB 8
[    0.064008] Last level dTLB entries: 4KB 64, 2MB 0, 4MB 0, 1GB 4
[    0.068007] Spectre V1 : Mitigation: usercopy/swapgs barriers and __user pointer sanitization
[    0.072007] Spectre V2 : Mitigation: Full generic retpoline
[    0.076006] Spectre V2 : Spectre v2 / SpectreRSB mitigation: Filling RSB on context switch
[    0.080005] Speculative Store Bypass: Vulnerable
[    0.084043] MDS: Vulnerable: Clear CPU buffers attempted, no microcode
[    0.088147] Freeing SMP alternatives memory: 36K
[    0.200150] smpboot: CPU0: Intel(R) Core(TM) i5-7360U CPU @ 2.30GHz (family: 0x6, model: 0x8e, stepping: 0x9)
[    0.204098] Performance Events: unsupported p6 CPU model 142 no PMU driver, software events only.
[    0.208069] Hierarchical SRCU implementation.
[    0.212521] NMI watchdog: Perf event create on CPU 0 failed with -2
[    0.216006] NMI watchdog: Perf NMI watchdog permanently disabled
[    0.220072] smp: Bringing up secondary CPUs ...
[    0.221013] x86: Booting SMP configuration:
[    0.221828] .... node  #0, CPUs:      #1
[    0.004000] kvm-clock: cpu 1, msr 0:3ff44041, secondary cpu clock
[    0.228030] smp: Brought up 1 node, 2 CPUs
[    0.228955] smpboot: Max logical packages: 1
[    0.232014] smpboot: Total of 2 processors activated (9216.00 BogoMIPS)
[    0.236159] devtmpfs: initialized
[    0.237040] x86/mm: Memory block size: 128MB
[    0.240150] evm: security.selinux
[    0.241027] evm: security.SMACK64
[    0.241778] evm: security.SMACK64EXEC
[    0.244009] evm: security.SMACK64TRANSMUTE
[    0.244910] evm: security.SMACK64MMAP
[    0.248007] evm: security.apparmor
[    0.248925] evm: security.ima
[    0.249666] evm: security.capability
[    0.252084] clocksource: jiffies: mask: 0xffffffff max_cycles: 0xffffffff, max_idle_ns: 7645041785100000 ns
[    0.256028] futex hash table entries: 512 (order: 3, 32768 bytes)
[    0.264034] pinctrl core: initialized pinctrl subsystem
[    0.268126] RTC time:  2:56:45, date: 01/27/20
[    0.272221] NET: Registered protocol family 16
[    0.276093] audit: initializing netlink subsys (disabled)
[    0.280062] audit: type=2000 audit(1580093806.201:1): state=initialized audit_enabled=0 res=1
[    0.404011] cpuidle: using governor ladder
[    0.408022] cpuidle: using governor menu
[    0.412055] ACPI: bus type PCI registered
[    0.416004] acpiphp: ACPI Hot Plug PCI Controller Driver version: 0.5
[    0.420317] PCI: Using configuration type 1 for base access
[    0.424834] HugeTLB registered 2.00 MiB page size, pre-allocated 0 pages
[    0.428116] ACPI: Added _OSI(Module Device)
[    0.432008] ACPI: Added _OSI(Processor Device)
[    0.436006] ACPI: Added _OSI(3.0 _SCP Extensions)
[    0.440002] ACPI: Added _OSI(Processor Aggregator Device)
[    0.441078] ACPI: Added _OSI(Linux-Dell-Video)
[    0.441984] ACPI: Added _OSI(Linux-Lenovo-NV-HDMI-Audio)
[    0.444016] ACPI: Added _OSI(Linux-HPI-Hybrid-Graphics)
[    0.448339] ACPI: Executed 1 blocks of module-level executable AML code
[    0.452636] ACPI: Interpreter enabled
[    0.453604] ACPI: (supports S0 S5)
[    0.454556] ACPI: Using IOAPIC for interrupt routing
[    0.455997] PCI: Using host bridge windows from ACPI; if necessary, use "pci=nocrs" and report a bug
[    0.456270] ACPI: Enabled 2 GPEs in block 00 to 07
[    0.468940] ACPI: PCI Root Bridge [PCI0] (domain 0000 [bus 00-ff])
[    0.472015] acpi PNP0A03:00: _OSC: OS supports [ASPM ClockPM Segments MSI]
[    0.476049] acpi PNP0A03:00: _OSC: not requesting OS control; OS requires [ExtendedConfig ASPM ClockPM MSI]
[    0.480023] acpi PNP0A03:00: fail to add MMCONFIG information, can't access extended PCI configuration space under this bridge.
[    0.484748] PCI host bridge to bus 0000:00
[    0.488012] pci_bus 0000:00: root bus resource [io  0x0000-0x0cf7 window]
[    0.490476] pci_bus 0000:00: root bus resource [io  0x0d00-0xffff window]
[    0.492010] pci_bus 0000:00: root bus resource [mem 0x000a0000-0x000bffff window]
[    0.496010] pci_bus 0000:00: root bus resource [mem 0x40000000-0xfdffffff window]
[    0.497753] pci_bus 0000:00: root bus resource [bus 00-ff]
[    0.505130] pci 0000:00:01.1: legacy IDE quirk: reg 0x10: [io  0x01f0-0x01f7]
[    0.506638] pci 0000:00:01.1: legacy IDE quirk: reg 0x14: [io  0x03f6]
[    0.508008] pci 0000:00:01.1: legacy IDE quirk: reg 0x18: [io  0x0170-0x0177]
[    0.512012] pci 0000:00:01.1: legacy IDE quirk: reg 0x1c: [io  0x0376]
[    0.533276] pci 0000:00:07.0: quirk: [io  0x4000-0x403f] claimed by PIIX4 ACPI
[    0.536029] pci 0000:00:07.0: quirk: [io  0x4100-0x410f] claimed by PIIX4 SMB
[    0.552308] ACPI: PCI Interrupt Link [LNKA] (IRQs 5 9 10 *11)
[    0.556318] ACPI: PCI Interrupt Link [LNKB] (IRQs 5 9 *10 11)
[    0.560152] ACPI: PCI Interrupt Link [LNKC] (IRQs 5 *9 10 11)
[    0.564151] ACPI: PCI Interrupt Link [LNKD] (IRQs 5 9 10 *11)
[    0.568420] SCSI subsystem initialized
[    0.572075] pci 0000:00:02.0: vgaarb: setting as boot VGA device
[    0.576000] pci 0000:00:02.0: vgaarb: VGA device added: decodes=io+mem,owns=io+mem,locks=none
[    0.576013] pci 0000:00:02.0: vgaarb: bridge control possible
[    0.580003] vgaarb: loaded
[    0.584058] ACPI: bus type USB registered
[    0.588029] usbcore: registered new interface driver usbfs
[    0.592034] usbcore: registered new interface driver hub
[    0.596033] usbcore: registered new device driver usb
[    0.600104] EDAC MC: Ver: 3.0.0
[    0.604374] PCI: Using ACPI for IRQ routing
[    0.608364] NetLabel: Initializing
[    0.612006] NetLabel:  domain hash size = 128
[    0.616006] NetLabel:  protocols = UNLABELED CIPSOv4 CALIPSO
[    0.620039] NetLabel:  unlabeled traffic allowed by default
[    0.621602] clocksource: Switched to clocksource kvm-clock
[    0.633669] VFS: Disk quotas dquot_6.6.0
[    0.634706] VFS: Dquot-cache hash table entries: 512 (order 0, 4096 bytes)
[    0.636702] AppArmor: AppArmor Filesystem Enaled
[    0.667876] pnp: PnP ACPI init
[    0671373] pnp: PnP ACPI: found 3 devices

[    0.712144] clocksource: acpi_pm: mask: 0xffffff max_cycles: 0xffffff, max_idle_ns: 2085701024 ns
[    0.714166] NET: Registered protocol family 2
[    0.715278] TCP estaisd shab eri: 92 (ord: 4, 65536 bytes)
[    1.148669] TCP bi hsh table entie 82 rd:  131072 bes
[  1543]CP: Hash tables configured (established 8192 bind 8192)
[    1.728302] UDP hash table entries: 512 (order: 2, 16384 bytes)
[    1.729522] UDP-Lite hash table entries: 512 (order: 2, 16384 bytes)
[    1.730795] NET: Registered protocol family 1
[    1.731959] pci 0000:00:00.0: Limiting direct PCI/PCI transfers
[    1.733729] pci 0000:00:01.0: Activating ISA DMA hang workarounds
[  1.735610] pci 0000:00:02.0: Video device with shadowed ROM at [mem 0x000c0000-0x000dffff]
[    1.796964] Unpacking initramfs...

[    2.133565] Freeing initrd memory: 19728K
[    2.140822] clocksource: tsc: mask: 0xffffffffffffffff max_cycles: 0x2135f7c97c8, max_idle_ns: 440795273205 ns
[    2.244659] platform rtc_cmos: registered platform RTC device (no PNP device found)
[    2.271415] Scanning for low memory corruption every 60 seconds
[    2.324891] Initialise system trusted keyrings
[    2.352248] Key type blacklist registered
[    2.364660] workingset: timestamp_bits=36 max_order=18 bucket_order=0
[    2.417214] zbud: loaded
[    2.438586] squashfs: version 4.0 (2009/01/31) Phillip Lougher
[    2.484670] fuse init (API version 7.26)
[    2.527040] Key type asymmetric registered
[    2.576272] Asymmetric key parser 'x509' registered
[    2.603862] Block layer SCSI generic (bsg) driver version 0.4 loaded (major 246)
[    2.685348] io scheduler noop registered
[    2.702145] io scheduler deadline registered
[    2.715668] io scheduler cfq registered (default)
[    2.746104] ACPI: AC Adapter [AC] (off-line)
[    2.784589] input: Power Button as /devices/LNXSYSTM:00/LNXPWRBN:00/input/input0
[    2.824974] ACPI: Power Button [PWRF]
[    2.826038] input: Sleep Button as /devices/LNXSYSTM:00/LNXSLPBN:00/input/input1
[    2.827921] ACPI: Sleep Button [SLPF]
[    2.830551] ACPI: Battery Slot [BAT0] (battery present)
[    2.832049] Serial: 8250/16550 driver, 32 ports, IRQ sharing enabled
[    2.868174] 00:02: ttyS0 at I/O 0x3f8 (irq = 4, base_baud = 115200) is a 1650A

[    2.910648] Linux agpgart interface v0.103
[    2.914970] loop: module loaded
[    2.916497] scsi host0: ata_piix
[    2.917567] scsi host1: ata_piix
[    2.924416] ata1: PATA max UDMA/33 cmd 0x1f0 ctl 0x3f6 bmdma 0xd000 irq 14
[    2.926249] ata2: PATA max UDMA/33 cmd 0x170 ctl 0x376 bmdma 0xd008 irq 15
[    2.928212] libphy: Fixed MDIO Bus: probed
[    2.929414] tun: Universal TUN/TAP device driver, 1.6
[    2.930907] PPP generic driver version 2.4.2
[    2.932177] ehci_hcd: USB 2.0 'Enhanced' Host Controller (EHCI) Driver
[    2.954545] ehci-pci: EI I platform driver[  3156151] ehci-platform: EHCI generic platform driver
[    3.284950] ohci_hcd: USB 1.1 'Open' Host Controller (OHCI) Driver
[    3.320753] ohci-pci: OHCI PCI platform driver
[    3.353331] ohci-platform: OHCI generic platform driver
[    3.400490] uhci_hcd: USB Universal Host Controller Interface driver
[    3.401926] i8042: PNP: PS/2 Controller [PNP0303:PS2K,PNP0f03:PS2M] at 0x60,0x64 irq 1,12
[    3.403806] serio: i8042 KBD port at 0x60,0x64 irq 1
[    3.404890] serio: i8042 AUX port at 0x60,0x64 irq 12
[    3.406030] mousedev: PS/2 mouse device common for all mice
[    3.407681] rtc_cmos rtc_cmos: rtc core: registered rtc_cmos as rtc0
[    3.455439] rtc_cmos rtc_cmos: alarms up to one day, 114 bytes nvram
[    3.473963] i2c /dev entries driver
[    3.474022] input: AT Translated Set 2 keyboard as /devices/platform/i8042/serio0/input/input2
[    3.474969] device-mapper: uevent: version 1.0.3
[    3.551595] device-mapper: ioctl: 4.37.0-ioctl (2017-09-20) initialised: dm-devel@redhat.com
[    3.654443] ledtrig-cpu: registered to indicate activity on CPUs
[    3.719603] NET: Registered protocol family 10
[    3.776448] Segment Routing with IPv6
[    3.787732] NET: Registered protocol family 17
[    3.805139] Key type dns_resolver registered
[    3.813777] mce: Using 0 MCE banks
[    3.820904] RAS: Correctable Errors collector initialized.
[    3.824605] sched_clock: Marking stable (3824570833, 0)->(12069964916, -8245394083)
[    3.829434] registered taskstats version 1
[    3.837594] Loading compiled-in X.509 certificates
[    3.847086] Loaded X.509 cert 'Build time autogenerated kernel key: 62d24f9c726e026b112735485dad6e6e4b50c923'
[    3.850768] zswap: loaded using pool lzo/zbud
[    3.856674] Key type big_key registered
[    3.857797] Key type trusted registered
[    3.860837] Key type encrypted registered
[    3.861939] AppArmor: AppArmor sha1 policy hashing enabled
[    3.863319] ima: No TPM chip found, activating TPM-bypass! (rc=-19)
[    3.869682] ima: Allocated hash algorithm: sha1
[    3.870783] evm: HMAC attrs: 0x1
[    3.871756]   Magic number: 4:99:916
[    3.872782] tty ptmx: hash matches
[    3.874005] rtc_cmos rtc_cmos: setting system clock to 2020-01-27 02:56:50 UTC (1580093810)
[    3.876468] BIOS EDD facility v0.16 2004-Jun-25, 0 devices found
[    3.877988] EDD information not available.
[    3.882059] Freeing unused kernel image memory: 2428K
[    3.892339] Write protecting the kernel read-only data: 20480k
[    3.901468] Freeing unused kernel image memory: 2008K
[    3.902702] Freeing unused kernel image memory: 1884K
[    3.909432] x86/mm: Checked W+X mappings: passed, no W+X pages found.
[    3.910935] x86/mm: Checking user space page tables
[    3.917477] x86/mm: Checked W+X mappings: passed, no W+X pages found.
Loading, please wait...
starting version 237
[    3.995569] e1000: Intel(R) PRO/1000 Network Driver - version 7.3.21-k8-NAPI
[    3.997470] e1000: Copyright (c) 1999-2006 Intel Corporation.
[    4.002197] Fusion MPT base driver 3.04.20
[    4.003402] Copyright (c) 1999-2008 LSI Corporation
[    4.036283] AVX2 version of gcm_enc/dec engaged.
[    4.047894] AES CTR mode by8 optimization enabled
[    4.070997] Fusion MPT SPI Host driver 3.04.20
[    4.235687] input: ImExPS/2 Generic Explorer Mouse as /devices/platform/i8042/serio1/input/input4
[    4.445863] e1000 0000:00:03.0 eth0: (PCI:33MHz:32-bit) 02:b1:13:47:2b:13
[    4.472179] e1000 0000:00:03.0 eth0: Intel(R) PRO/1000 Network Connection
[    4.862934] e1000 0000:00:08.0 eth1: (PCI:33MHz:32-bit) 08:00:27:c6:bb:13
[    4.989796] e1000 0000:00:08.0 eth1: Intel(R) PRO/1000 Network Connection
[    5.092808] e1000 0000:00:03.0 enp0s3: renamed from eth0
[    5.094366] mptbase: ioc0: Initiating bringup
[    5.108792] e1000 0000:00:08.0 enp0s8: renamed from eth1
[    5.193537] ioc0: LSI53C1030 A0: Capabilities={Initiator}
[    5.515834] scsi host2: ioc0: LSI53C1030 A0, FwRev=00000000h, Ports=1, MaxQ=256, IRQ=20
[    5.684987] scsi 2:0:0:0: Direct-Access     VBOX     HARDDISK         1.0  PQ: 0 ANSI: 5
[    5.768265] scsi target2:0:0: Beginning Domain Validation
[    5.893277] scsi target2:0:0: Domain Validation skipping write tests
[    5.923097] scsi target2:0:0: Ending Domain Validation
[    6.025809] scsi target2:0:0: asynchronous
[    6.112261] scsi 2:0:1:0: Direct-Access     VBOX     HARDDISK         1.0  PQ: 0 ANSI: 5
[    6.220161] scsi target2:0:1: Beginning Domain Validation
[    6.225047] random: fast init done
[    6.228883] scsi target2:0:1: Domain Validation skipping write tests
[    6.233459] scsi target2:0:1: Ending Domain Validation
[    6.235678] scsi target2:0:1: asynchronous
[    6.244603] random: systemd-udevd: uninitialized urandom read (16 bytes read)
[    6.250789] random: systemd-udevd: uninitialized urandom read (16 bytes read)
[    6.250854] sd 2:0:0:0: Attached scsi generic sg0 type 0
[    6.262378] random: systemd-udevd: uninitialized urandom read (16 bytes read)
[    6.277616] sd 2:0:0:0: [sda] 20971520 512-byte logical blocks: (10.7 GB/10.0 GiB)
[    6.280936] sd 2:0:1:0: Attached scsi generic sg1 type 0
[    6.286720] sd 2:0:0:0: [sda] Write Protect is off
[    6.293649] sd 2:0:1:0: [sdb] 20480 512-byte logical blocks: (10.5 MB/10.0 MiB)
[    6.293753] sd 2:0:0:0: [sda] Incomplete mode parameter data
[    6.297340] sd 2:0:0:0: [sda] Assuming drive cache: write through
[    6.297383] sd 2:0:1:0: [sdb] Write Protect is off
[    6.300182]  sda: sda1
[    6.300943] sd 2:0:0:0: [sda] Attached SCSI disk
[    6.305611] sd 2:0:1:0: [sdb] Incomplete mode parameter data
[    6.381608] sd 2:0:1:0: [sdb] Assuming drive cache: write through
[    6.482501] sd 2:0:1:0: [sdb] Attached SCSI disk
Begin: Loading essential drivers ... [    7.964679] raid6: sse2x1   gen() 12184 MB/s
[    8.044502] raid6: sse2x1   xor()  8829 MB/s
[    8.141183] raid6: sse2x2   gen() 16790 MB/s
[    8.300684] raid6: sse2x2   xor() 10181 MB/s
[    8.400160] raid6: sse2x4   gen() 17032 MB/s
[    8.448157] raid6: sse2x4   xor()  6422 MB/s
[    8.496222] raid6: avx2x1   gen() 18385 MB/s
[    8.568578] raid6: avx2x1   xor() 16981 MB/s
[    8.641178] raid6: avx2x2   gen() 31994 MB/s
[    8.724189] raid6: avx2x2   xor() 18245 MB/s
[    8.852116] raid6: avx2x4   gen() 32147 MB/s
[    8.976415] raid6: avx2x4   xor() 21181 MB/s
[    8.989131] raid6: using algorithm avx2x4 gen() 32147 MB/s
[    9.071160] raid6: .... xor() 21181 MB/s, rmw enabled
[    9.153573] raid6: using avx2x2 recovery algorithm
[    9.232745] xor: automatically using best checksumming function   avx       
[    9.253470] async_tx: api initialized (async)
done.
Begin: Running /scripts/init-pre[    9.295544] Btrfs loaded, crc32c=crc32c-intel
mount ... done.
Begin: Mounting root file system ... Begin: Running /scripts/local-top ... done.
Begin: Running /scripts/local-premount ... Scanning for Btrfs filesystems
done.
Warning: fsck no[    9.341030] EXT4-fs (sda1): mounted filesystem with ordered data mode. Opts: (null)
t present, so skipping root file system
done.
Begin: Running /scripts/local-bottom ... done.
Begin: Running /scripts/init-bottom ... done.
[    9.764618] ip_tables: (C) 2000-2006 Netfilter Core Team
[    9.896752] systemd[1]: systemd 237 running in system mode. (+PAM +AUDIT +SELINUX +IMA +APPARMOR +SMACK +SYSVINIT +UTMP +LIBCRYPTSETUP +GCRYPT +GNUTLS +ACL +XZ +LZ4 +SECCOMP +BLKID +ELFUTILS +KMOD -IDN2 +IDN -PCRE2 default-hierarchy=hybrid)
[   10.171360] systemd[1]: Detected virtualization oracle.
[   10.243703] systemd[1]: Detected architecture x86-64.

Welcome to [1mUbuntu 18.04.3 LTS[0m!

[   10.384456] systemd[1]: Set hostname to <ubuntu-bionic>.
[   10.913700] systemd[1]: Set up automount Arbitrary Executable File Formats File System Automount Point.
[[0;32m  OK  [0m] Set up automount Arbitrary Executab…rmats File System Automount Point.
[   10.917232] systemd[1]: Reached target User and Group Name Lookups.
[[0;32m  OK  [0m] Reached target User and Group Name Lookups.
[   10.921623] systemd[1]: Created slice System Slice.
[[0;32m  OK  [0m] Created slice System Slice.
[   11.040515] systemd[1]: Listening on /dev/initctl Compatibility Named Pipe.
[[0;32m  OK  [0m] Listening on /dev/initctl Compatibility Named Pipe.
[   11.224819] systemd[1]: Listening on Journal Audit Socket.
[[0;32m  OK  [0m] Listening on Journal Audit Socket.
[   11.392623] systemd[1]: Listening on Network Service Netlink Socket.
[[0;32m  OK  [0m] Listening on Network Service Netlink Socket.
[[0;32m  OK  [0m] Listening on LVM2 metadata daemon socket.
[[0;32m  OK  [0m] Listening on LVM2 poll daemon socket.
[[0;32m  OK  [0m] Listening on Journal Socket (/dev/log).
[[0;32m  OK  [0m] Listening on udev Control Socket.
[[0;32m  OK  [0m] Reached target System Time Synchronized.
[[0;32m  OK  [0m] Created slice User and Session Slice.
[[0;32m  OK  [0m] Reached target Slices.
[[0;32m  OK  [0m] Created slice system-serial\x2dgetty.slice.
[[0;32m  OK  [0m] Listening on Journal Socket.
         Mounting POSIX Message Queue File System...
         Mounting Kernel Debug File System...
         Starting Set the console keyboard layout...
         Mounting Huge Pages File System...
         Starting Create list of required st…ce nodes for the current kernel...
         Starting Uncomplicated firewall...
         Starting Load Kernel Modules...
         Starting Remount Root and Kernel File Systems...
[[0;32m  OK  [0m] Listening on udev Kernel Socket.
         Starting udev Coldplug all Devices...
[   11.820035] Loading iSCSI transport class v2.0-870.
[[0;32m  OK  [0m] Started Forward Password Requests to Wall Directory Watch.
[[0;32m  OK  [0m] Listening on Device-mapper event daemon FIFOs.
         Starting Monitoring of LVM2 mirrors…ng dmeventd or progress polling...
[[0;32m  OK  [0m] Listening on Syslog Socket.
         Starting Journal Service...
[   11.841673] EXT4-fs (sda1): re-mounted. Opts: (null)
[[0;32m  OK  [0m] Reached target Swap.
[[0;32m  OK  [0m] Mounted POSIX Message Queue File System.
[[0;32m  OK  [0m] Mounted Kernel Debug File System.
[[0;32m  OK  [0m] Mounted Huge Pages File System.
[[0;32m  OK  [0m] Started Create list of required sta…vice nodes for the current kernel.
[[0;32m  OK  [0m] Started Uncomplicated firewall.
[[0;32m  OK  [0m] Started Remount Root and Kernel File Systems.
[   11.861566] iscsi: registered transport (tcp)
         Starting Load/Save Random Seed...
         Starting Create Static Device Nodes in /dev...
[[0;32m  OK  [0m] Started Set the console keyboard layout.
[[0;32m  OK  [0m] Started Journal Service.
[   11.931857] random: crng init done
[   11.976816] random: 7 urandom warning(s) missed due to ratelimiting
[[0;32m  OK  [0m] Started udev Coldplug all Devices.
[[0;32m  OK  [0m] Started LVM2 metadata daemon.
         Starting Flush Journal to Persistent Storage...[   12.007759] iscsi: registered transport (iser)

[[0;32m  OK  [0m] Started Load Kernel Modules.
[[0;32m  OK  [0m] Started Load/Save Random Seed.
[[0;32m  OK  [0m] Started Monitoring of LVM2 mirrors,…sing dmeventd or progress polling.
[[0;32m  OK  [0m] Started Create Static Device Nodes in /dev.
         Starting udev Kernel Device Manager...
[[0;32m  OK  [0m] Reached target Local File Systems (Pre).
[[0;32m  OK  [0m] Reached target Local File Systems.
         Starting Set console font and keymap...
         Starting AppArmor initialization...
         Starting ebtables ruleset management...
         Starting Tell Plymouth To Write Out Runtime Data...
         Mounting FUSE Control File System...
         Mounting Kernel Configuration File System...
         Starting Apply Kernel Variables...
[[0;32m  OK  [0m] Mounted FUSE Control File System.
[[0;32m  OK  [0m] Started udev Kernel Device Manager.
[[0;32m  OK  [0m] Mounted Kernel Configuration File System.
[[0;32m  OK  [[   12.329283] systemd-journald[406]: Received request to flush runtime journal from PID 1
0m] Started Dispatch Password Requests to Console Directory Watch.
[[0;32m  OK  [0m] Reached target Local Encrypted Volumes.
[[0;32m  OK  [0m] Started Set console font and keymap.
[[0;32m  OK  [0m] Started Tell Plymouth To Write Out Runtime Data.
[[0;32m  OK  [0m] Started Apply Kernel Variables.
[[0;32m  OK  [0m] Found device /dev/ttyS0.
[[0;32m  OK  [0m] Started ebtables ruleset management.
[[0;32m  OK  [0m] Listening on Load/Save RF Kill Switch Status /dev/rfkill Watch.
[[0;32m  OK  [0m] Started Flush Journal to Persistent Storage.
         Starting Create Volatile Files and Directories...
[[0;32m  OK  [0m] Started Create Volatile Files and Directories.
         Starting Update UTMP about System Boot/Shutdown...
[[0;32m  OK  [0m] Started Update UTMP about System Boot/Shutdown.
[[0;32m  OK  [0m] Started AppArmor initialization.
         Starting Initial cloud-init job (pre-networking)...
[   14.529517] cloud-init[547]: Cloud-init v. 19.3-41-gc4735dd3-0ubuntu1~18.04.1 running 'init-local' at Mon, 27 Jan 2020 02:57:00 +0000. Up 14.31 seconds.
[[0;32m  OK  [0m] Started Initial cloud-init job (pre-networking).
[[0;32m  OK  [0m] Reached target Network (Pre).
         Starting Network Service...
[[0;32m  OK  [0m] Started Network Service.
         Starting Network Name Resolution...
         Starting Wait for Network to be Configured...
[[0;32m  OK  [0m] Started Network Name Resolution.
[[0;32m  OK  [0m] Reached target Network.
[[0;32m  OK  [0m] Reached target Host and Network Name Lookups.
[[0;32m  OK  [0m] Started Wait for Network to be Configured.
         Starting Initial cloud-init job (metadata service crawler)...
[   17.085148] cloud-init[709]: Cloud-init v. 19.3-41-gc4735dd3-0ubuntu1~18.04.1 running 'init' at Mon, 27 Jan 2020 02:57:03 +0000. Up 16.94 seconds.
[   17.123577] cloud-init[709]: ci-info: ++++++++++++++++++++++++++++++++++++++Net device info+++++++++++++++++++++++++++++++++++++++
[   17.126759] cloud-init[709]: ci-info: +--------+------+-----------------------------+---------------+--------+-------------------+
[   17.129546] cloud-init[709]: ci-info: | Device |  Up  |           Address           |      Mask     | Scope  |     Hw-Address    |
[   17.132591] cloud-init[709]: ci-info: +--------+------+-----------------------------+---------------+--------+-------------------+
[   17.139246] cloud-init[709]: ci-info: | enp0s3 | True |          10.0.2.15          | 255.255.255.0 | global | 02:b1:13:47:2b:13 |
[   17.159107] cloud-init[709]: ci-info: | enp0s3 | True |  fe80::b1:13ff:fe47:2b13/64 |       .       |  link  | 02:b1:13:47:2b:13 |
[   17.168370] cloud-init[709]: ci-info: | enp0s8 | True |        192.168.33.10        | 255.255.255.0 | global | 08:00:27:c6:bb:13 |
[   17.175728] cloud-init[709]: ci-info: | enp0s8 | True | fe80::a00:27ff:fec6:bb13/64 |       .       |  link  | 08:00:27:c6:bb:13 |
[   17.181610] cloud-init[709]: ci-info: |   lo   | True |          127.0.0.1          |   255.0.0.0   |  host  |         .         |
[   17.198352] cloud-init[709]: ci-info: |   lo   | True |           ::1/128           |       .       |  host  |         .         |
[   17.208969] cloud-init[709]: ci-info: +--------+------+-----------------------------+---------------+--------+-------------------+
[   17.222616] cloud-init[709]: ci-info: +++++++++++++++++++++++++++++Route IPv4 info+++++++++++++++++++++++++++++
[   17.233960] cloud-init[709]: ci-info: +-------+--------------+----------+-----------------+-----------+-------+
[   17.260264] cloud-init[709]: ci-info: | Route | Destination  | Gateway  |     Genmask     | Interface | Flags |
[   17.316256] cloud-init[709]: ci-info: +-------+--------------+----------+-----------------+-----------+-------+
[   17.356243] cloud-init[709]: ci-info: |   0   |   0.0.0.0    | 10.0.2.2 |     0.0.0.0     |   enp0s3  |   UG  |
[   17.374104] cloud-init[709]: ci-info: |   1   |   10.0.2.0   | 0.0.0.0  |  255.255.255.0  |   enp0s3  |   U   |
[[0;32m  OK  [0m] Started Initial cloud-init job (metadata service crawler).
[[0;32m  OK  [0m] Reached target Network is Online.
[   17.402591] cloud-init[709]: ci-info: |   2   |   10.0.2.2   | 0.0.0.0  | 255.255.255.255 |   enp0s3  |   UH  |
[   17.441369] cloud-init[709]: ci-info: |   3   | 192.168.33.0 | 0.0.0.0  |  255.255.255.0  |   enp0s8  |   U   |
         Starting Availability of block devices...
[[0;32m  OK  [0m] Reached target Remote File Systems (Pre).
[   17.462439] cloud-init[709]: ci-info: +-------+--------------+----------+-----------------+-----------+-------+
[[0;32m  OK  [0m] Reached target Remote File Systems.
[   17.483194] cloud-init[709]: [ci-info: +++++++++++++++++++Route IPv6 info+++++++++++++++++++[0;32m  OK  [0m
] Reached target Cloud-config availability.
[[0;32m  OK  [0m] Reached target System Initialization.
[   17.502934] cloud-init[709]: ci-info: +-------+-------------+---------+-----------+-------+
[   17.557896]          cloud-initStarting LXD - unix socket.[709]: 
ci-info: | Route | Destination | Gateway | Interface | Flags |
[[0;32m  OK  [0m] Listening on D-Bus System Message Bus Socket.
[[0;32m  OK  [0m] Listening on Open-iSCSI iscsid Socket.
[   17.563671] cloud-init[709]: ci-info: +-------+-------------+---------+-----------+-------+
[[0;32m  OK  [0m] Started ACPI Events Check.
[   17.583445] cloud-init[709]: ci-info: |   1   |  fe80::/64  |    ::   |   enp0s8  |   U   |
[   17.584372] cloud-init[709]: ci-info: |   2   |  fe80::/64  |    ::   |   enp0s3  |   U   |
[   17.612858] [[0;32m  OK  [0m] Started Daily apt download activities.
[[0;32m  OK  [0m] Started Daily Cleanup of Temporary Directories.
[[0;32m  OK  [0m] Started Message of the Day.
[[0;32m  OK  [0m] Reached target Paths.
[[0;32m  OK  [0m] Listening on ACPID Listen Socket.
[[0;32m  OK  [0m] Started Discard unused blocks once a week.
[[0;32m  OK  [0m] Started Daily apt upgrade and clean activities.
[[0;32m  OK  [0m] Listening on UUID daemon activation socket.
[[0;32m  OK  [0m] Reached target Timers.
         Starting Socket activation for snappy daemon.
[[0;32m  OK  [0m] Started Availability of block devices.
[[0;32m  OK  [0m] Listening on LXD - unix socket.
[[0;32m  OK  [0m] Listening on Socket activation for snappy daemon.
[[0;32m  OK  [0m] Reached target Sockets.
[[0;32m  OK  [0m] Reached target Basic System.
[[0;32m  OK  [0m] Started Deferred execution scheduler.
         Starting LSB: automatic crash report generation...
         Starting Snappy daemon...
[[0;32m  OK  [0m] Started FUSE filesystem for LXC.
         Starting Permit User Sessions...
[[0;32m  OK  [0m] Started D-Bus System Message Bus.
cloud-init[709]: ci-info: |   4   |    local    |    ::   |   enp0s3  |   U   |
[   17.646363] cloud-init[709]: ci-info: |   5   |    local    |    ::   |   enp0s8  |   U   |
[   17.650792] cloud-init[709]: ci-info: |   6   |   ff00::/8  |    ::   |   enp0s8  |   U   |
[   17.660652] cloud-init[709]: ci-info: |   7   |   ff00::/8  |    ::   |   enp0s3  |   U   |
[   17.688655] cloud-init[709]: ci-info: +-------+-------------+---------+-----------+-------+
[[0;32m  OK  [0m] Started Regular background program processing daemon.
         Starting OpenBSD Secure Shell server...
[[0;32m  OK  [0m] Started irqbalance daemon.
         Starting System Logging Service...
         Starting Accounts Service...
         Starting LSB: Record successful boot for GRUB...
         Starting Dispatcher daemon for systemd-networkd...
         Starting Login Service...
         Starting LXD - container startup/shutdown...
         Starting vboxadd.service...
[[0;32m  OK  [0m] Started System Logging Service.
[[0;32m  OK  [0m] Started Permit User Sessions.
         Starting Terminate Plymouth Boot Screen...
         Starting Hold until boot process finishes up...
[[0;32m  OK  [0m] Started Hold until boot process finishes up.
[[0;32m  OK  [0m] Started OpenBSD Secure Shell server.
[[0;32m  OK  [0m] Started Terminate Plymouth Boot Screen.
         Starting Set console scheme...
[[0;32m  OK  [0m] Started Serial Getty on ttyS0.
[[0;32m  OK  [0m] Started Login Service.
[[0;32m  OK  [0m] Started Unattended Upgrades Shutdown.
[[0;32m  OK  [0m] Started Set console scheme.
[[0;32m  OK  [0m] Created slice system-getty.slice.
[[0;32m  OK  [0m] Started Getty on tty1.
[[0;32m  OK  [0m] Reached target Login Prompts.
[[0;32m  OK  [0m] Started LSB: automatic crash report generation.
[[0;32m  OK  [0m] Started LSB: Record successful boot for GRUB.
[[0;32m  OK  [0m] Started LXD - container startup/shutdown.
[[0;32m  OK  [0m] Created slice User Slice of vagrant.
         Starting Authorization Manager...
[[0;32m  OK  [0m] Started Dispatcher daemon for systemd-networkd.
[[0;32m  OK  [0m] Started Authorization Manager.
[[0;32m  OK  [0m] Started Accounts Service.
[[0;32m  OK  [0m] Started Session 1 of user vagrant.
         Starting User Manager for UID 1000...
[[0;32m  OK  [0m] Started Snappy daemon.
         Starting Wait until snapd is fully seeded...
[[0;32m  OK  [0m] Started Wait until snapd is fully seeded.
         Starting Apply the settings specified in cloud-config...
[[0;32m  OK  [0m] Started vboxadd.service.
         Starting vboxadd-service.service...
[[0;32m  OK  [0m] Started User Manager for UID 1000.
[[0;32m  OK  [0m] Started vboxadd-service.service.
[[0;32m  OK  [0m] Reached target Multi-User System.
[[0;32m  OK  [0m] Reached target Graphical Interface.
         Starting Update UTMP about System Runlevel Changes...
[[0;32m  OK  [0m] Started Update UTMP about System Runlevel Changes.
[   19.542854] cloud-init[1169]: Cloud-init v. 19.3-41-gc4735dd3-0ubuntu1~18.04.1 running 'modules:config' at Mon, 27 Jan 2020 02:57:05 +0000. Up 19.34 seconds.
[[0;32m  OK  [0m] Started Apply the settings specified in cloud-config.
         Starting Execute cloud user/final scripts...
[   20.114268] cloud-init[1281]: Cloud-init v. 19.3-41-gc4735dd3-0ubuntu1~18.04.1 running 'modules:final' at Mon, 27 Jan 2020 02:57:06 +0000. Up 20.00 seconds.
[   20.117596] cloud-init[1281]: Cloud-init v. 19.3-41-gc4735dd3-0ubuntu1~18.04.1 finished at Mon, 27 Jan 2020 02:57:06 +0000. Datasource DataSourceNoCloud [seed=/dev/sdb][dsmode=net].  Up 20.10 seconds
[[0;32m  OK  [0m] Started Execute cloud user/final scripts.
[[0;32m  OK  [0m] Reached target Cloud-init target.

Ubuntu 18.04.3 LTS ubuntu-bionic ttyS0

ubuntu-bionic login: [[0;32m  OK  [0m] Stopped targe         Stopping LSB: Record successful boot for GRUB...
         Stopping Getty on tty1...
         Stopping User Manager for UID 1000...
[[0;32m  OK  [0m] Closed Load/Save RF Kill Switch Status /dev/rfkill Watch.
         Stopping Deferred execution scheduler...
[[0;32m  OK  [0m] Stopped target Timers.
[[0;32m  OK  [0m] Stopped Daily Cleanup of Temporary Directories.
[[0;32m  OK  [0m] Stopped Daily apt upgrade and clean activities.
[[0;32m  OK  [0m] Stopped Message of the Day.
[[0;32m  OK  [0m] Stopped Daily apt download activities.
         Stopping LXD - container startup/shutdown...
         Stopping D-Bus System Message Bus...
[[0;32m  OK  [0m] Stopped Discard unused blocks once a week.
[[0;32m  OK  [0m] Stopped target System Time Synchronized.
         Stopping Unattended Upgrades Shutdown...
         Stopping OpenBSD Secure Shell server...
[[0;32m  OK  [0m] Stopped Apply the settings specified in cloud-config.
[[0;32m  OK  [0m] Stopped target Network is Online.
[[0;32m  OK  [0m] Stopped target Cloud-config availability.
[[0;32m  OK  [0m] Stopped Wait until snapd is fully seeded.
[[0;32m  OK  [0m] Unmounted /var/lib/lxcfs.
[[0;32m  OK  [0m] Stopped Deferred execution scheduler.
[[0;32m  OK  [0m] Stopped Regular background program processing daemon.
[[0;32m  OK  [0m] Stopped irqbalance daemon.
[[0;32m  OK  [0m] Stopped System Logging Service.
[[0;32m  OK  [0m] Stopped Accounts Service.
[[0;32m  OK  [0m] Stopped Dispatcher daemon for systemd-networkd.
[[0;32m  OK  [0m] Stopped OpenBSD Secure Shell server.
[[0;32m  OK  [0m] Stopped Serial Getty on ttyS0.
[[0;32m  OK  [0m] Stopped Unattended Upgrades Shutdown.
[[0;32m  OK  [0m] Stopped Getty on tty1.
[[0;32m  OK  [0m] Stopped Authorization Manager.
[[0;32m  OK  [0m] Stopped User Manager for UID 1000.
[[0;32m  OK  [0m] Stopped Availability of block devices.
[[0;32m  OK  [0m] Stopped vboxadd-service.service.
[[0;32m  OK  [0m] Stopped D-Bus System Message Bus.
[[0;32m  OK  [0m] Stopped FUSE filesystem for LXC.
[[0;32m  OK  [0m] Stopped Session 7 of user vagrant.
         Stopping vboxadd.service...
[[0;32m  OK  [0m] Removed slice User Slice of vagrant.
[[0;32m  OK  [0m] Removed slice system-getty.slice.
         Stopping Login Service...
[[0;32m  OK  [0m] Removed slice system-serial\x2dgetty.slice.
         Stopping Permit User Sessions...
[[0;32m  OK  [0m] Unmounted /vagrant.
[[0;32m  OK  [0m] Stopped Login Service.
[[0;32m  OK  [0m] Stopped LSB: automatic crash report generation.
[[0;32m  OK  [0m] Stopped LSB: Record successful boot for GRUB.
[[0;32m  OK  [0m] Stopped LXD - container startup/shutdown.
[[0;32m  OK  [0m] Stopped vboxadd.service.
[[0;32m  OK  [0m] Stopped Permit User Sessions.
[[0;32m  OK  [0m] Stopped target Network.
         Stopping Network Name Resolution...
[[0;32m  OK  [0m] Stopped target Remote File Systems.
[[0;32m  OK  [0m] Stopped target Remote File Systems (Pre).
[[0;32m  OK  [0m] Stopped target User and Group Name Lookups.
[[0;32m  OK  [0m] Stopped target Basic System.
[[0;32m  OK  [0m] Stopped target Paths.
[[0;32m  OK  [0m] Stopped ACPI Events Check.
[[0;32m  OK  [0m] Stopped target Sockets.
[[0;32m  OK  [0m] Closed Syslog Socket.
[[0;32m  OK  [0m] Closed Open-iSCSI iscsid Socket.
[[0;32m  OK  [0m] Closed Socket activation for snappy daemon.
[[0;32m  OK  [0m] Closed LXD - unix socket.
[[0;32m  OK  [0m] Closed D-Bus System Message Bus Socket.
[[0;32m  OK  [0m] Closed UUID daemon activation socket.
[[0;32m  OK  [0m] Closed ACPID Listen Socket.
[[0;32m  OK  [0m] Stopped target System Initialization.
         Stopping Update UTMP about System Boot/Shutdown...
         Stopping Load/Save Random Seed...
[[0;32m  OK  [0m] Stopped target Local Encrypted Volumes.
[[0;32m  OK  [0m] Stopped Dispatch Password Requests to Console Directory Watch.
[[0;32m  OK  [0m] Stopped Forward Password Requests to Wall Directory Watch.
[[0;32m  OK  [0m] Stopped Initial cloud-init job (metadata service crawler).
[[0;32m  OK  [0m] Stopped target Slices.
[[0;32m  OK  [0m] Removed slice User and Session Slice.
[[0;32m  OK  [0m] Stopped Network Name Resolution.
[[0;32m  OK  [0m] Stopped Load/Save Random Seed.
[[0;32m  OK  [0m] Stopped Update UTMP about System Boot/Shutdown.
         Stopping Network Service...
[[0;32m  OK  [0m] Stopped Create Volatile Files and Directories.
[[0;32m  OK  [0m] Stopped target Local File Systems.
         Unmounting /run/user/1000...
[[0;32m  OK  [0m] Unmounted /run/user/1000.
[[0;32m  OK  [0m] Reached target Unmount All Filesystems.
[[0;32m  OK  [0m] Stopped target Local File Systems (Pre).
         Stopping Monitoring of LVM2 mirrors…ng dmeventd or progress polling...
[[0;32m  OK  [0m] Stopped Create Static Device Nodes in /dev.
[[0;32m  OK  [0m] Stopped target Swap.
[[0;32m  OK  [0m] Stopped Network Service.
[[0;32m  OK  [0m] Stopped target Network (Pre).
[[0;32m  OK  [0m] Stopped Initial cloud-init job (pre-networking).
[[0;32m  OK  [0m] Stopped Remount Root and Kernel File Systems.
[[0;32m  OK  [0m] Stopped Apply Kernel Variables.
[[0;32m  OK  [0m] Stopped Load Kernel Modules.
[[0;32m  OK  [0m] Reached target Shutdown.
[[0;32m  OK  [0m] Reached target Final Step.
         Starting Power-Off...
[[0;32m  OK  [0m] Stopped Monitoring of LVM2 mirrors,…sing dmeventd or progress polling.
         Stopping LVM2 metadata daemon...
[[0;32m  OK  [0m] Stopped LVM2 metadata daemon.
[  583.450785] reboot: Power down
